{"date":"Thu, 26 Oct 2017 11:38:20 GMT","level":"info","message":"data submitted was 123","timestamp":"2017-10-26T11:38:20.959Z"}
{"level":"info","message":"Listening on port 4200","timestamp":"2017-10-26T11:43:48.574Z"}
{"level":"info","message":"Listening on port 4200","timestamp":"2017-10-26T11:44:37.385Z"}
{"level":"info","message":"Listening on port 4200","timestamp":"2017-10-26T11:47:09.017Z"}
{"message":"Cannot match against 'undefined' or 'null'.","stack":"TypeError: Cannot match against 'undefined' or 'null'.\n    at app.post (C:\\Users\\Alistair\\Documents\\GitHub\\Projects\\file-metadata\\app.js:14:23)\n    at Layer.handle [as handle_request] (C:\\Users\\Alistair\\node_modules\\express\\lib\\router\\layer.js:95:5)\n    at next (C:\\Users\\Alistair\\node_modules\\express\\lib\\router\\route.js:131:13)\n    at Route.dispatch (C:\\Users\\Alistair\\node_modules\\express\\lib\\router\\route.js:112:3)\n    at Layer.handle [as handle_request] (C:\\Users\\Alistair\\node_modules\\express\\lib\\router\\layer.js:95:5)\n    at C:\\Users\\Alistair\\node_modules\\express\\lib\\router\\index.js:277:22\n    at Function.process_params (C:\\Users\\Alistair\\node_modules\\express\\lib\\router\\index.js:330:12)\n    at next (C:\\Users\\Alistair\\node_modules\\express\\lib\\router\\index.js:271:10)\n    at serveStatic (C:\\Users\\Alistair\\node_modules\\serve-static\\index.js:75:16)\n    at Layer.handle [as handle_request] (C:\\Users\\Alistair\\node_modules\\express\\lib\\router\\layer.js:95:5)","level":"warn","timestamp":"2017-10-26T11:48:26.877Z"}
{"level":"info","message":"Listening on port 4200","timestamp":"2017-10-26T11:49:33.341Z"}
{"level":"info","message":"Listening on port 4200","timestamp":"2017-10-26T11:52:25.624Z"}
{"level":"info","message":"Listening on port 4200","timestamp":"2017-10-26T11:54:56.792Z"}
{"level":"info","message":"Listening on port 4200","timestamp":"2017-10-26T11:55:00.302Z"}
{"level":"info","message":"data submitted was ","timestamp":"2017-10-26T11:55:56.848Z"}
{"level":"warn","message":"No data","timestamp":"2017-10-26T11:55:56.850Z"}
{"level":"info","message":"Listening on port 4200","timestamp":"2017-10-26T11:58:20.763Z"}
{"level":"info","message":"Listening on port 4200","timestamp":"2017-10-26T12:02:17.209Z"}
{"level":"info","message":"Listening on port 4200","timestamp":"2017-10-26T12:13:51.495Z"}
{"level":"info","message":"Listening on port 4200","timestamp":"2017-10-26T12:14:35.533Z"}
{"level":"info","message":"Listening on port 4200","timestamp":"2017-10-26T12:15:56.382Z"}
{"level":"info","message":"Listening on port 4200","timestamp":"2017-10-26T12:16:09.690Z"}
{"message":"Unexpected field","stack":"Error: Unexpected field\n    at makeError (C:\\Users\\Alistair\\Documents\\GitHub\\Projects\\file-metadata\\node_modules\\multer\\lib\\make-error.js:12:13)\n    at wrappedFileFilter (C:\\Users\\Alistair\\Documents\\GitHub\\Projects\\file-metadata\\node_modules\\multer\\index.js:40:19)\n    at Busboy.<anonymous> (C:\\Users\\Alistair\\Documents\\GitHub\\Projects\\file-metadata\\node_modules\\multer\\lib\\make-middleware.js:114:7)\n    at emitMany (events.js:127:13)\n    at Busboy.emit (events.js:201:7)\n    at Busboy.emit (C:\\Users\\Alistair\\Documents\\GitHub\\Projects\\file-metadata\\node_modules\\busboy\\lib\\main.js:38:33)\n    at PartStream.<anonymous> (C:\\Users\\Alistair\\Documents\\GitHub\\Projects\\file-metadata\\node_modules\\busboy\\lib\\types\\multipart.js:213:13)\n    at emitOne (events.js:96:13)\n    at PartStream.emit (events.js:188:7)\n    at HeaderParser.<anonymous> (C:\\Users\\Alistair\\Documents\\GitHub\\Projects\\file-metadata\\node_modules\\dicer\\lib\\Dicer.js:51:16)","code":"LIMIT_UNEXPECTED_FILE","field":"file","storageErrors":[],"level":"warn","timestamp":"2017-10-26T12:16:20.306Z"}
{"level":"info","message":"Listening on port 4200","timestamp":"2017-10-26T12:17:42.160Z"}
{"level":"info","message":"Listening on port 4200","timestamp":"2017-10-26T12:18:54.429Z"}
{"message":"Unexpected field","stack":"Error: Unexpected field\n    at makeError (C:\\Users\\Alistair\\Documents\\GitHub\\Projects\\file-metadata\\node_modules\\multer\\lib\\make-error.js:12:13)\n    at wrappedFileFilter (C:\\Users\\Alistair\\Documents\\GitHub\\Projects\\file-metadata\\node_modules\\multer\\index.js:40:19)\n    at Busboy.<anonymous> (C:\\Users\\Alistair\\Documents\\GitHub\\Projects\\file-metadata\\node_modules\\multer\\lib\\make-middleware.js:114:7)\n    at emitMany (events.js:127:13)\n    at Busboy.emit (events.js:201:7)\n    at Busboy.emit (C:\\Users\\Alistair\\Documents\\GitHub\\Projects\\file-metadata\\node_modules\\busboy\\lib\\main.js:38:33)\n    at PartStream.<anonymous> (C:\\Users\\Alistair\\Documents\\GitHub\\Projects\\file-metadata\\node_modules\\busboy\\lib\\types\\multipart.js:213:13)\n    at emitOne (events.js:96:13)\n    at PartStream.emit (events.js:188:7)\n    at HeaderParser.<anonymous> (C:\\Users\\Alistair\\Documents\\GitHub\\Projects\\file-metadata\\node_modules\\dicer\\lib\\Dicer.js:51:16)","code":"LIMIT_UNEXPECTED_FILE","field":"file","storageErrors":[],"level":"warn","timestamp":"2017-10-26T12:19:42.241Z"}
{"level":"info","message":"Listening on port 4200","timestamp":"2017-10-26T12:21:08.884Z"}
{"level":"info","message":"Listening on port 4200","timestamp":"2017-10-26T12:21:30.469Z"}
{"level":"info","message":"Listening on port 4200","timestamp":"2017-10-26T12:23:42.116Z"}
{"level":"info","message":"Listening on port 3300","timestamp":"2017-10-26T12:25:34.509Z"}
{"level":"info","message":"Listening on port 3300","timestamp":"2017-10-26T12:27:49.157Z"}
{"message":"Converting circular structure to JSON","stack":"TypeError: Converting circular structure to JSON\n    at Object.stringify (native)\n    at stringify (C:\\Users\\Alistair\\node_modules\\express\\lib\\response.js:1064:12)\n    at ServerResponse.json (C:\\Users\\Alistair\\node_modules\\express\\lib\\response.js:243:14)\n    at app.post (C:\\Users\\Alistair\\Documents\\GitHub\\Projects\\file-metadata\\app.js:18:7)\n    at Layer.handle [as handle_request] (C:\\Users\\Alistair\\node_modules\\express\\lib\\router\\layer.js:95:5)\n    at next (C:\\Users\\Alistair\\node_modules\\express\\lib\\router\\route.js:131:13)\n    at Immediate.<anonymous> (C:\\Users\\Alistair\\Documents\\GitHub\\Projects\\file-metadata\\node_modules\\multer\\lib\\make-middleware.js:53:37)\n    at runCallback (timers.js:676:20)\n    at tryOnImmediate (timers.js:645:5)\n    at processImmediate [as _immediateCallback] (timers.js:617:5)","level":"warn","timestamp":"2017-10-26T12:28:05.586Z"}
{"level":"info","message":"Listening on port 3300","timestamp":"2017-10-26T12:28:20.706Z"}
{"level":"info","message":"Listening on port 3300","timestamp":"2017-10-26T12:30:04.388Z"}
{"level":"info","message":"Listening on port 3300","timestamp":"2017-10-26T12:30:39.581Z"}
{"level":"warn","message":"No file uploaded","timestamp":"2017-10-26T12:30:56.992Z"}
{"message":"ENOENT: no such file or directory, open 'C:\\Users\\Alistair\\Documents\\GitHub\\Projects\\file-metadata\\uploads\\36c4b4b17d1a888bf12df85ed6143cb8'","stack":"Error: ENOENT: no such file or directory, open 'C:\\Users\\Alistair\\Documents\\GitHub\\Projects\\file-metadata\\uploads\\36c4b4b17d1a888bf12df85ed6143cb8'\n    at Error (native)","errno":-4058,"code":"ENOENT","syscall":"open","path":"C:\\Users\\Alistair\\Documents\\GitHub\\Projects\\file-metadata\\uploads\\36c4b4b17d1a888bf12df85ed6143cb8","storageErrors":[],"level":"warn","timestamp":"2017-10-26T12:33:22.351Z"}
{"level":"info","message":"Listening on port 3300","timestamp":"2017-10-26T12:33:59.131Z"}
{"level":"info","message":"Listening on port 3300","timestamp":"2017-10-26T12:35:43.337Z"}
{"level":"info","message":"Listening on port 3300","timestamp":"2017-10-26T12:37:33.182Z"}
{"level":"info","message":"Listening on port 3300","timestamp":"2017-10-26T12:37:44.499Z"}
{"level":"info","message":"Listening on port 3300","timestamp":"2017-10-26T12:38:22.399Z"}
{"level":"info","message":"Listening on port 3300","timestamp":"2017-10-26T12:40:24.140Z"}
{"level":"info","message":"Listening on port 3300","timestamp":"2017-10-26T12:40:56.842Z"}
{"level":"info","message":"Listening on port 3300","timestamp":"2017-10-26T12:42:14.748Z"}
{"level":"info","message":"Listening on port 3300","timestamp":"2017-10-26T12:43:26.432Z"}
{"level":"info","message":"Listening on port 3300","timestamp":"2017-10-26T12:45:27.769Z"}
{"level":"info","message":"Listening on port 3300","timestamp":"2017-10-26T12:45:30.144Z"}
{"level":"info","message":"Listening on port 3300","timestamp":"2017-10-26T12:45:47.616Z"}
{"level":"info","message":"Listening on port 3300","timestamp":"2017-10-26T12:45:57.768Z"}
{"level":"info","message":"Listening on port 3300","timestamp":"2017-10-26T12:59:10.736Z"}
{"level":"info","message":"Listening on port 3300","timestamp":"2017-10-26T13:01:15.676Z"}
{"level":"info","message":"Listening on port 3300","timestamp":"2017-10-26T13:01:27.220Z"}
{"level":"info","message":"Listening on port 3300","timestamp":"2017-10-26T13:03:50.728Z"}
{"level":"info","message":"Listening on port 3300","timestamp":"2017-10-26T13:04:17.830Z"}
{"level":"info","message":"Listening on port 3300","timestamp":"2017-10-26T13:04:22.738Z"}
{"level":"info","message":"Listening on port 3300","timestamp":"2017-10-26T13:04:41.807Z"}
{"level":"info","message":"Listening on port 3300","timestamp":"2017-10-26T13:05:35.634Z"}
{"level":"info","message":"Listening on port 3300","timestamp":"2017-10-26T13:06:33.517Z"}
{"level":"info","message":"Listening on port 3300","timestamp":"2017-10-26T13:06:57.466Z"}
{"level":"info","message":"Listening on port 3300","timestamp":"2017-10-26T13:07:13.803Z"}
{"level":"info","message":"Listening on port 3300","timestamp":"2017-10-26T13:08:20.546Z"}
